170412 002132.963|CONFIG|main|setFileHandlers|Now logging to C:\Users\USER\Desktop\ITSA5_Login\bin\logs directory.
170412 002132.980|INFO|main|info|
170412 002132.982|INFO|main|info|Version 9.2.4 20140920 (Saturday, September 20th 2014 00:52 UTC) Java ver 1.8.0_121 build 2837 Windows 8.1 6.3 (amd64) 
170412 002132.983|INFO|main|startLog|Working directory is C:\Users\USER\Desktop\ITSA5_Login\bin
170412 002133.442|INFO|main|startLog|Process id is 10008@ASUS-NPCM
170412 002133.442|INFO|main|start|Starting ConnectionManager...
170412 002134.355|INFO|main|start|Started ConnectionManager
170412 002134.364|INFO|main|setClientServerAndPort|INI File location: file:/C:/Users/USER/Desktop/ITSA5_Login/bin/pc2v9.ini
170412 002134.365|INFO|main|setClientServerAndPort|setClientServerAndPort 140.116.82.76 parsed as 140.116.82.76 port 50002
170412 002134.365|INFO|main|info|Contacting server at 140.116.82.76:50002
170412 002134.365|INFO|main|connectToMyServer|Connecting to 140.116.82.76:50002
170412 002134.888|INFO|Thread-1|receiveUnencrypted|receiveUnencrypted(TransportWrapper, ConnectionHandlerID=Socket[addr=/140.116.82.76,port=50002,localport=53483]--5378654260134238474)
170412 002135.597|INFO|Thread-1|receiveUnencrypted|receiveUnencrypted Made a secret key for Socket[addr=/140.116.82.76,port=50002,localport=53483]--5378654260134238474 key is com.sun.crypto.provider.DESKey@1808f
170412 002135.598|INFO|Thread-1|getPublicKeyPacket|Generating Unencrypted Public Key Packet
170412 002135.599|INFO|Thread-1|getPublicKeyPacket|checking key:= SunJCE Diffie-Hellman Public Key:
y:
    3a8fddbc a33ddd2a 9589d149 93ca412c 8a9b67a7 d6446233 71481833 013f64a5
    f1a06305 7411e285 eac1a580 e48809d7 3c61b952 52196022 e88db7a9 58174218
    c97dfc68 a6413bef 1ff86403 444ee9bc faa5595b 791f1149 2fa79606 5b99084e
    3d85939b f8c2bf8c a34e00b9 ad6571d5 24649963 c3ba5d52 37a171eb 03492bc3
p:
    f488fd58 4e49dbcd 20b49de4 9107366b 336c380d 451d0f7c 88b31c7c 5b2d8ef6
    f3c923c0 43f0a55b 188d8ebb 558cb85d 38d334fd 7c175743 a31d186c de33212c
    b52aff3c e1b12940 18118d7c 84a70a72 d686c403 19c80729 7aca950c d9969fab
    d00a509b 0246d308 3d66a45d 419f9c7c bd894b22 1926baab a25ec355 e92f78c7
g:
    02
l:
    512
170412 002135.599|INFO|Thread-1|getPublicKeyPacket|packet:= edu.csus.ecs.pc2.core.transport.TransportWrapper@695444bb
170412 002209.018|FINER|AWT-EventQueue-0|info|Login not successful: No such account "COOKIE10142008"
170412 002220.689|FINER|AWT-EventQueue-0|info|Login not successful: No such account "ªLÞ³ÂE"
170412 011510.058|INFO|Thread-1|receive|Exception in receive for Socket[addr=/140.116.82.76,port=50002,localport=53483]--5378654260134238474
|java.net.SocketTimeoutException: Read timed out
|    at java.net.SocketInputStream.socketRead0 (Unknown Source)
|    at java.net.SocketInputStream.socketRead (Unknown Source)
|    at java.net.SocketInputStream.read (Unknown Source)
|    at java.net.SocketInputStream.read (Unknown Source)
|    at java.net.SocketInputStream.read (Unknown Source)
|    at java.io.ObjectInputStream$PeekInputStream.peek (Unknown Source)
|    at java.io.ObjectInputStream$BlockDataInputStream.peek (Unknown Source)
|    at java.io.ObjectInputStream$BlockDataInputStream.peekByte (Unknown Source)
|    at java.io.ObjectInputStream.readObject0 (Unknown Source)
|    at java.io.ObjectInputStream.readObject (Unknown Source)
|    at edu.csus.ecs.pc2.core.transport.ConnectionHandlerThread.receive (ConnectionHandlerThread.java:151)
|    at edu.csus.ecs.pc2.core.transport.ConnectionHandlerClientThread.run (ConnectionHandlerClientThread.java:65)
170412 011510.059|FINER|Thread-1|run|THROW
|edu.csus.ecs.pc2.core.transport.TransportException: Read timed out
|    at edu.csus.ecs.pc2.core.transport.ConnectionHandlerThread.receive (ConnectionHandlerThread.java:161)
|    at edu.csus.ecs.pc2.core.transport.ConnectionHandlerClientThread.run (ConnectionHandlerClientThread.java:65)
170412 011510.060|INFO|Thread-1|receive|SocketException in receive for Socket[addr=/140.116.82.76,port=50002,localport=53483]--5378654260134238474
|java.net.SocketException: Connection reset
|    at java.net.SocketInputStream.read (Unknown Source)
|    at java.net.SocketInputStream.read (Unknown Source)
|    at java.net.SocketInputStream.read (Unknown Source)
|    at java.io.ObjectInputStream$PeekInputStream.peek (Unknown Source)
|    at java.io.ObjectInputStream$BlockDataInputStream.peek (Unknown Source)
|    at java.io.ObjectInputStream$BlockDataInputStream.peekByte (Unknown Source)
|    at java.io.ObjectInputStream.readObject0 (Unknown Source)
|    at java.io.ObjectInputStream.readObject (Unknown Source)
|    at edu.csus.ecs.pc2.core.transport.ConnectionHandlerThread.receive (ConnectionHandlerThread.java:151)
|    at edu.csus.ecs.pc2.core.transport.ConnectionHandlerClientThread.run (ConnectionHandlerClientThread.java:65)
170412 011510.060|FINER|Thread-1|run|THROW
|edu.csus.ecs.pc2.core.transport.TransportException: Connection reset
|    at edu.csus.ecs.pc2.core.transport.ConnectionHandlerThread.receive (ConnectionHandlerThread.java:155)
|    at edu.csus.ecs.pc2.core.transport.ConnectionHandlerClientThread.run (ConnectionHandlerClientThread.java:65)
170412 011534.154|CONFIG|main|setFileHandlers|Now logging to C:\Users\USER\Desktop\ITSA5_Login\bin\logs directory.
170412 011534.156|INFO|main|info|
170412 011534.157|INFO|main|info|Version 9.2.4 20140920 (Saturday, September 20th 2014 00:52 UTC) Java ver 1.8.0_121 build 2837 Windows 8.1 6.3 (amd64) 
170412 011534.158|INFO|main|startLog|Working directory is C:\Users\USER\Desktop\ITSA5_Login\bin
170412 011534.165|INFO|main|startLog|Process id is 9480@ASUS-NPCM
170412 011534.166|INFO|main|start|Starting ConnectionManager...
170412 011534.316|INFO|main|start|Started ConnectionManager
170412 011534.318|INFO|main|setClientServerAndPort|INI File location: file:/C:/Users/USER/Desktop/ITSA5_Login/bin/pc2v9.ini
170412 011534.319|INFO|main|setClientServerAndPort|setClientServerAndPort 140.116.82.76 parsed as 140.116.82.76 port 50002
170412 011534.319|INFO|main|info|Contacting server at 140.116.82.76:50002
170412 011534.319|INFO|main|connectToMyServer|Connecting to 140.116.82.76:50002
170412 011534.402|INFO|Thread-1|receiveUnencrypted|receiveUnencrypted(TransportWrapper, ConnectionHandlerID=Socket[addr=/140.116.82.76,port=50002,localport=53789]-1789792143931277804)
170412 011534.559|INFO|Thread-1|receiveUnencrypted|receiveUnencrypted Made a secret key for Socket[addr=/140.116.82.76,port=50002,localport=53789]-1789792143931277804 key is com.sun.crypto.provider.DESKey@185f8
170412 011534.560|INFO|Thread-1|getPublicKeyPacket|Generating Unencrypted Public Key Packet
170412 011534.561|INFO|Thread-1|getPublicKeyPacket|checking key:= SunJCE Diffie-Hellman Public Key:
y:
    b9efb2e5 cc6c49ac e33901e3 48cf51ba 4cff71ab 2e6bb2cd eb38fd90 b0eaa7a0
    bed8222e 7ba991c3 a39431fe 3195af52 14364e45 14ee8f72 7e4e17e9 5a4ae4d8
    fbcc3dcd 25902c84 7d2da7e3 b94031de 67de219b 8870c11d 17a1a4bc 7a69df3d
    8a7c3fca 584999f9 31b9daa8 93435ad2 b0c5152c 4670606e 7f998ef1 6b32b8c0
p:
    f488fd58 4e49dbcd 20b49de4 9107366b 336c380d 451d0f7c 88b31c7c 5b2d8ef6
    f3c923c0 43f0a55b 188d8ebb 558cb85d 38d334fd 7c175743 a31d186c de33212c
    b52aff3c e1b12940 18118d7c 84a70a72 d686c403 19c80729 7aca950c d9969fab
    d00a509b 0246d308 3d66a45d 419f9c7c bd894b22 1926baab a25ec355 e92f78c7
g:
    02
l:
    512
170412 011534.562|INFO|Thread-1|getPublicKeyPacket|packet:= edu.csus.ecs.pc2.core.transport.TransportWrapper@c9453df
170412 183435.939|CONFIG|main|setFileHandlers|Now logging to C:\Users\USER\Desktop\ITSA5_Login\bin\logs directory.
170412 183435.970|INFO|main|info|
170412 183435.986|INFO|main|info|Version 9.2.4 20140920 (Saturday, September 20th 2014 00:52 UTC) Java ver 1.8.0_121 build 2837 Windows 8.1 6.3 (amd64) 
170412 183435.986|INFO|main|startLog|Working directory is C:\Users\USER\Desktop\ITSA5_Login\bin
170412 183436.392|INFO|main|startLog|Process id is 6404@ASUS-NPCM
170412 183436.392|INFO|main|start|Starting ConnectionManager...
170412 183437.074|INFO|main|start|Started ConnectionManager
170412 183437.090|INFO|main|setClientServerAndPort|INI File location: file:/C:/Users/USER/Desktop/ITSA5_Login/bin/pc2v9.ini
170412 183437.090|INFO|main|setClientServerAndPort|setClientServerAndPort 140.116.82.76 parsed as 140.116.82.76 port 50002
170412 183437.090|INFO|main|info|Contacting server at 140.116.82.76:50002
170412 183437.090|INFO|main|connectToMyServer|Connecting to 140.116.82.76:50002
170412 183437.363|INFO|Thread-1|receiveUnencrypted|receiveUnencrypted(TransportWrapper, ConnectionHandlerID=Socket[addr=/140.116.82.76,port=50002,localport=63139]-8664127529459222944)
170412 183437.973|INFO|Thread-1|receiveUnencrypted|receiveUnencrypted Made a secret key for Socket[addr=/140.116.82.76,port=50002,localport=63139]-8664127529459222944 key is com.sun.crypto.provider.DESKey@1860d
170412 183437.973|INFO|Thread-1|getPublicKeyPacket|Generating Unencrypted Public Key Packet
170412 183437.988|INFO|Thread-1|getPublicKeyPacket|checking key:= SunJCE Diffie-Hellman Public Key:
y:
    d747d6e8 48e66c36 672628ce 1b58012a e6da619d 01328dac 5e66c624 caf223ba
    81430ebb 5dbdd3b9 aaa348f5 b79911b7 23f742be ea0f1ce9 6f2c39a2 8b508c21
    7ec280e7 dc423a5b 217d497d b0c1e9de 9e7341e1 7c2e178c 1c5c96e7 bbf236c2
    0ae4a057 686a3cb5 4c9ec885 e554df54 1e68bedc c17504ee 4c376bd5 88b6e714
p:
    f488fd58 4e49dbcd 20b49de4 9107366b 336c380d 451d0f7c 88b31c7c 5b2d8ef6
    f3c923c0 43f0a55b 188d8ebb 558cb85d 38d334fd 7c175743 a31d186c de33212c
    b52aff3c e1b12940 18118d7c 84a70a72 d686c403 19c80729 7aca950c d9969fab
    d00a509b 0246d308 3d66a45d 419f9c7c bd894b22 1926baab a25ec355 e92f78c7
g:
    02
l:
    512
170412 183437.988|INFO|Thread-1|getPublicKeyPacket|packet:= edu.csus.ecs.pc2.core.transport.TransportWrapper@3e1a5f76
170412 183504.249|CONFIG|main|setFileHandlers|Now logging to C:\Users\USER\Desktop\ITSA5_Login\bin\logs directory.
170412 183504.265|INFO|main|info|
170412 183504.265|INFO|main|info|Version 9.2.4 20140920 (Saturday, September 20th 2014 00:52 UTC) Java ver 1.8.0_121 build 2837 Windows 8.1 6.3 (amd64) 
170412 183504.265|INFO|main|startLog|Working directory is C:\Users\USER\Desktop\ITSA5_Login\bin
170412 183504.296|INFO|main|startLog|Process id is 11208@ASUS-NPCM
170412 183504.296|INFO|main|start|Starting ConnectionManager...
170412 183504.906|INFO|main|start|Started ConnectionManager
170412 183504.906|INFO|main|setClientServerAndPort|INI File location: file:/C:/Users/USER/Desktop/ITSA5_Login/bin/pc2v9.ini
170412 183504.906|INFO|main|setClientServerAndPort|setClientServerAndPort 140.116.82.76 parsed as 140.116.82.76 port 50002
170412 183504.906|INFO|main|info|Contacting server at 140.116.82.76:50002
170412 183504.906|INFO|main|connectToMyServer|Connecting to 140.116.82.76:50002
170412 183505.249|INFO|Thread-1|receiveUnencrypted|receiveUnencrypted(TransportWrapper, ConnectionHandlerID=Socket[addr=/140.116.82.76,port=50002,localport=63142]-5629498683333380929)
170412 183505.718|INFO|Thread-1|receiveUnencrypted|receiveUnencrypted Made a secret key for Socket[addr=/140.116.82.76,port=50002,localport=63142]-5629498683333380929 key is com.sun.crypto.provider.DESKey@18424
170412 183505.718|INFO|Thread-1|getPublicKeyPacket|Generating Unencrypted Public Key Packet
170412 183505.718|INFO|Thread-1|getPublicKeyPacket|checking key:= SunJCE Diffie-Hellman Public Key:
y:
    99e3fc43 76f5fefc 2d306ce6 6ce6f040 8f20048d ceadc4c5 90cef74b 9bd31648
    4cb82e5e 70442748 2811eb7e 6273a5bc 1620df0c 14757502 46344895 f151f98e
    c7603a83 f08107ab 9c3d02a6 ed299562 9ec4d873 6d32b648 c57d0474 148aad08
    23732321 6ca7ef87 4d3aef82 97d28929 9445977a e3074369 2915f87e 7b06abcb
p:
    f488fd58 4e49dbcd 20b49de4 9107366b 336c380d 451d0f7c 88b31c7c 5b2d8ef6
    f3c923c0 43f0a55b 188d8ebb 558cb85d 38d334fd 7c175743 a31d186c de33212c
    b52aff3c e1b12940 18118d7c 84a70a72 d686c403 19c80729 7aca950c d9969fab
    d00a509b 0246d308 3d66a45d 419f9c7c bd894b22 1926baab a25ec355 e92f78c7
g:
    02
l:
    512
170412 183505.749|INFO|Thread-1|getPublicKeyPacket|packet:= edu.csus.ecs.pc2.core.transport.TransportWrapper@136acc69
170412 200617.927|CONFIG|main|setFileHandlers|Now logging to C:\Users\USER\Desktop\ITSA5_Login\bin\logs directory.
170412 200617.974|INFO|main|info|
170412 200617.974|INFO|main|info|Version 9.2.4 20140920 (Saturday, September 20th 2014 00:52 UTC) Java ver 1.8.0_121 build 2837 Windows 8.1 6.3 (amd64) 
170412 200617.974|INFO|main|startLog|Working directory is C:\Users\USER\Desktop\ITSA5_Login\bin
170412 200618.177|INFO|main|startLog|Process id is 8316@ASUS-NPCM
170412 200618.177|INFO|main|start|Starting ConnectionManager...
170412 200618.834|INFO|main|start|Started ConnectionManager
170412 200618.849|INFO|main|setClientServerAndPort|INI File location: file:/C:/Users/USER/Desktop/ITSA5_Login/bin/pc2v9.ini
170412 200618.849|INFO|main|setClientServerAndPort|setClientServerAndPort 140.116.82.76 parsed as 140.116.82.76 port 50002
170412 200618.849|INFO|main|info|Contacting server at 140.116.82.76:50002
170412 200618.849|INFO|main|connectToMyServer|Connecting to 140.116.82.76:50002
170412 200619.209|INFO|Thread-1|receiveUnencrypted|receiveUnencrypted(TransportWrapper, ConnectionHandlerID=Socket[addr=/140.116.82.76,port=50002,localport=59698]-555463255166496877)
170412 200619.896|INFO|Thread-1|receiveUnencrypted|receiveUnencrypted Made a secret key for Socket[addr=/140.116.82.76,port=50002,localport=59698]-555463255166496877 key is com.sun.crypto.provider.DESKey@185aa
170412 200619.896|INFO|Thread-1|getPublicKeyPacket|Generating Unencrypted Public Key Packet
170412 200619.896|INFO|Thread-1|getPublicKeyPacket|checking key:= SunJCE Diffie-Hellman Public Key:
y:
    dbafebaa d5162aba 8b792afa 51c01fee 7a08f8e0 086194e8 1f0edade 64837738
    9e2b5e68 c883e951 2f5c7841 a1cffe86 14b3ccdb 9732bd91 eb503e86 ac296817
    ef86998e 206b9534 67cb06c7 f94b9e79 19ab1972 d21b08e8 e4062cdd ec732b64
    2381b9db c5fa3db2 e2f3033e 248a3b04 0f1b1b92 0b0860c0 e8a2bd40 7f7fc624
p:
    f488fd58 4e49dbcd 20b49de4 9107366b 336c380d 451d0f7c 88b31c7c 5b2d8ef6
    f3c923c0 43f0a55b 188d8ebb 558cb85d 38d334fd 7c175743 a31d186c de33212c
    b52aff3c e1b12940 18118d7c 84a70a72 d686c403 19c80729 7aca950c d9969fab
    d00a509b 0246d308 3d66a45d 419f9c7c bd894b22 1926baab a25ec355 e92f78c7
g:
    02
l:
    512
170412 200619.927|INFO|Thread-1|getPublicKeyPacket|packet:= edu.csus.ecs.pc2.core.transport.TransportWrapper@544c1ec7
170412 203706.655|CONFIG|main|setFileHandlers|Now logging to C:\Users\USER\Desktop\ITSA5_Login\bin\logs directory.
170412 203706.655|INFO|main|info|
170412 203706.670|INFO|main|info|Version 9.2.4 20140920 (Saturday, September 20th 2014 00:52 UTC) Java ver 1.8.0_121 build 2837 Windows 8.1 6.3 (amd64) 
170412 203706.670|INFO|main|startLog|Working directory is C:\Users\USER\Desktop\ITSA5_Login\bin
170412 203706.686|INFO|main|startLog|Process id is 5184@ASUS-NPCM
170412 203706.686|INFO|main|start|Starting ConnectionManager...
170412 203707.281|INFO|main|start|Started ConnectionManager
170412 203707.297|INFO|main|setClientServerAndPort|INI File location: file:/C:/Users/USER/Desktop/ITSA5_Login/bin/pc2v9.ini
170412 203707.297|INFO|main|setClientServerAndPort|setClientServerAndPort 140.116.82.76 parsed as 140.116.82.76 port 50002
170412 203707.297|INFO|main|info|Contacting server at 140.116.82.76:50002
170412 203707.297|INFO|main|connectToMyServer|Connecting to 140.116.82.76:50002
170412 203707.640|INFO|Thread-1|receiveUnencrypted|receiveUnencrypted(TransportWrapper, ConnectionHandlerID=Socket[addr=/140.116.82.76,port=50002,localport=51776]--2985877017062110420)
170412 203708.219|INFO|Thread-1|receiveUnencrypted|receiveUnencrypted Made a secret key for Socket[addr=/140.116.82.76,port=50002,localport=51776]--2985877017062110420 key is com.sun.crypto.provider.DESKey@180d8
170412 203708.234|INFO|Thread-1|getPublicKeyPacket|Generating Unencrypted Public Key Packet
170412 203708.250|INFO|Thread-1|getPublicKeyPacket|checking key:= SunJCE Diffie-Hellman Public Key:
y:
    ca484af1 3ad6ff4e be5a250b 7762be42 a61d84a9 21cdc959 bd5096f7 65300a3c
    ed0e7a94 1f0b334f 8e84e0b2 8cd536b0 752435c2 c4aa576e 041d8db3 23775fa2
    39b5fedb 4a0c6365 eb264175 88a9c7da 031dbb48 3d6df246 1d3da638 3f14e59b
    1b1761fd 7080eb4e 20bc0d9d 4206c5a8 99d02445 f21718e9 789585fd f59199a0
p:
    f488fd58 4e49dbcd 20b49de4 9107366b 336c380d 451d0f7c 88b31c7c 5b2d8ef6
    f3c923c0 43f0a55b 188d8ebb 558cb85d 38d334fd 7c175743 a31d186c de33212c
    b52aff3c e1b12940 18118d7c 84a70a72 d686c403 19c80729 7aca950c d9969fab
    d00a509b 0246d308 3d66a45d 419f9c7c bd894b22 1926baab a25ec355 e92f78c7
g:
    02
l:
    512
170412 203708.250|INFO|Thread-1|getPublicKeyPacket|packet:= edu.csus.ecs.pc2.core.transport.TransportWrapper@2a536547
170412 204504.281|CONFIG|main|setFileHandlers|Now logging to C:\Users\USER\Desktop\ITSA5_Login\bin\logs directory.
170412 204504.281|INFO|main|info|
170412 204504.297|INFO|main|info|Version 9.2.4 20140920 (Saturday, September 20th 2014 00:52 UTC) Java ver 1.8.0_121 build 2837 Windows 8.1 6.3 (amd64) 
170412 204504.297|INFO|main|startLog|Working directory is C:\Users\USER\Desktop\ITSA5_Login\bin
170412 204504.328|INFO|main|startLog|Process id is 7664@ASUS-NPCM
170412 204504.328|INFO|main|start|Starting ConnectionManager...
170412 204504.906|INFO|main|start|Started ConnectionManager
170412 204504.922|INFO|main|setClientServerAndPort|INI File location: file:/C:/Users/USER/Desktop/ITSA5_Login/bin/pc2v9.ini
170412 204504.922|INFO|main|setClientServerAndPort|setClientServerAndPort 140.116.82.76 parsed as 140.116.82.76 port 50002
170412 204504.922|INFO|main|info|Contacting server at 140.116.82.76:50002
170412 204504.922|INFO|main|connectToMyServer|Connecting to 140.116.82.76:50002
170412 204505.187|INFO|Thread-1|receiveUnencrypted|receiveUnencrypted(TransportWrapper, ConnectionHandlerID=Socket[addr=/140.116.82.76,port=50002,localport=51787]-1357659486942229963)
170412 204505.828|INFO|Thread-1|receiveUnencrypted|receiveUnencrypted Made a secret key for Socket[addr=/140.116.82.76,port=50002,localport=51787]-1357659486942229963 key is com.sun.crypto.provider.DESKey@fffe789c
170412 204505.828|INFO|Thread-1|getPublicKeyPacket|Generating Unencrypted Public Key Packet
170412 204505.828|INFO|Thread-1|getPublicKeyPacket|checking key:= SunJCE Diffie-Hellman Public Key:
y:
    06e4747b eaed7f4a 74c1dcea ebce35e3 d3d9910c 129893c3 45ec92fb e38bf112
    e173152e a2e8840c 28ba4ef9 aab771e8 b8e3af47 5e6d89c5 4b2b2440 127794ea
    18bd327f 8dae0730 a7bf0864 802d1b44 1b57f809 5938026b 9e4ed071 f70f3f24
    93c624b3 4dc2f253 e5585e16 bde1cb07 83bdf978 790b418a ae66d8b9 366662d9
p:
    f488fd58 4e49dbcd 20b49de4 9107366b 336c380d 451d0f7c 88b31c7c 5b2d8ef6
    f3c923c0 43f0a55b 188d8ebb 558cb85d 38d334fd 7c175743 a31d186c de33212c
    b52aff3c e1b12940 18118d7c 84a70a72 d686c403 19c80729 7aca950c d9969fab
    d00a509b 0246d308 3d66a45d 419f9c7c bd894b22 1926baab a25ec355 e92f78c7
g:
    02
l:
    512
170412 204505.828|INFO|Thread-1|getPublicKeyPacket|packet:= edu.csus.ecs.pc2.core.transport.TransportWrapper@383657e4
170412 204953.152|CONFIG|main|setFileHandlers|Now logging to C:\Users\USER\Desktop\ITSA5_Login\bin\logs directory.
170412 204953.167|INFO|main|info|
170412 204953.167|INFO|main|info|Version 9.2.4 20140920 (Saturday, September 20th 2014 00:52 UTC) Java ver 1.8.0_121 build 2837 Windows 8.1 6.3 (amd64) 
170412 204953.167|INFO|main|startLog|Working directory is C:\Users\USER\Desktop\ITSA5_Login\bin
170412 204953.199|INFO|main|startLog|Process id is 1584@ASUS-NPCM
170412 204953.206|INFO|main|start|Starting ConnectionManager...
170412 204953.762|INFO|main|start|Started ConnectionManager
170412 204953.777|INFO|main|setClientServerAndPort|INI File location: file:/C:/Users/USER/Desktop/ITSA5_Login/bin/pc2v9.ini
170412 204953.777|INFO|main|setClientServerAndPort|setClientServerAndPort 140.116.82.76 parsed as 140.116.82.76 port 50002
170412 204953.777|INFO|main|info|Contacting server at 140.116.82.76:50002
170412 204953.777|INFO|main|connectToMyServer|Connecting to 140.116.82.76:50002
170412 204954.058|INFO|Thread-1|receiveUnencrypted|receiveUnencrypted(TransportWrapper, ConnectionHandlerID=Socket[addr=/140.116.82.76,port=50002,localport=51794]-5665430285901108292)
170412 204954.793|INFO|Thread-1|receiveUnencrypted|receiveUnencrypted Made a secret key for Socket[addr=/140.116.82.76,port=50002,localport=51794]-5665430285901108292 key is com.sun.crypto.provider.DESKey@186f4
170412 204954.793|INFO|Thread-1|getPublicKeyPacket|Generating Unencrypted Public Key Packet
170412 204954.793|INFO|Thread-1|getPublicKeyPacket|checking key:= SunJCE Diffie-Hellman Public Key:
y:
    274da06b 054d57ce 316c8907 8bfb1afb df21f8c6 223dd374 abe40cac 9b405f6d
    a3d1c698 3ae79245 5a593e3b 95e5362b 54ebc8d9 e09a11de 36f12a42 4e172861
    bb207dac 47d56fc1 5a4dbc80 68ac64f4 9d785614 1bc47b8d 69871fe2 9a9cadfd
    5c3d763b af380dd8 1e76c21e cd7e67d2 12552d8b 83ae4965 3f50baab 9b12ee0a
p:
    f488fd58 4e49dbcd 20b49de4 9107366b 336c380d 451d0f7c 88b31c7c 5b2d8ef6
    f3c923c0 43f0a55b 188d8ebb 558cb85d 38d334fd 7c175743 a31d186c de33212c
    b52aff3c e1b12940 18118d7c 84a70a72 d686c403 19c80729 7aca950c d9969fab
    d00a509b 0246d308 3d66a45d 419f9c7c bd894b22 1926baab a25ec355 e92f78c7
g:
    02
l:
    512
170412 204954.793|INFO|Thread-1|getPublicKeyPacket|packet:= edu.csus.ecs.pc2.core.transport.TransportWrapper@2a536547
170412 205348.421|CONFIG|main|setFileHandlers|Now logging to C:\Users\USER\Desktop\ITSA5_Login\bin\logs directory.
170412 205348.425|INFO|main|info|
170412 205348.434|INFO|main|info|Version 9.2.4 20140920 (Saturday, September 20th 2014 00:52 UTC) Java ver 1.8.0_121 build 2837 Windows 8.1 6.3 (amd64) 
170412 205348.434|INFO|main|startLog|Working directory is C:\Users\USER\Desktop\ITSA5_Login\bin
170412 205348.480|INFO|main|startLog|Process id is 6096@ASUS-NPCM
170412 205348.480|INFO|main|start|Starting ConnectionManager...
170412 205349.055|INFO|main|start|Started ConnectionManager
170412 205349.071|INFO|main|setClientServerAndPort|INI File location: file:/C:/Users/USER/Desktop/ITSA5_Login/bin/pc2v9.ini
170412 205349.071|INFO|main|setClientServerAndPort|setClientServerAndPort 140.116.82.76 parsed as 140.116.82.76 port 50002
170412 205349.071|INFO|main|info|Contacting server at 140.116.82.76:50002
170412 205349.071|INFO|main|connectToMyServer|Connecting to 140.116.82.76:50002
170412 205349.673|INFO|Thread-1|receiveUnencrypted|receiveUnencrypted(TransportWrapper, ConnectionHandlerID=Socket[addr=/140.116.82.76,port=50002,localport=51820]--5247175454763139294)
170412 205350.472|INFO|Thread-1|receiveUnencrypted|receiveUnencrypted Made a secret key for Socket[addr=/140.116.82.76,port=50002,localport=51820]--5247175454763139294 key is com.sun.crypto.provider.DESKey@1803e
170412 205350.472|INFO|Thread-1|getPublicKeyPacket|Generating Unencrypted Public Key Packet
170412 205350.487|INFO|Thread-1|getPublicKeyPacket|checking key:= SunJCE Diffie-Hellman Public Key:
y:
    75fa76c2 769bec95 344ac8a0 8d7aec87 2ccd6169 9ad514a6 5d0c8e00 7a09c3e1
    3d5733fa f8ec2965 52d0a5af 50216508 bf957cd4 ce2d63dd 74c9ad22 760f1fa7
    97ae3aa5 293fe8f5 6385ce82 7288e68f 8b218460 b51a8dd4 dd4db25d 73930230
    6eab726e c84a858e 642e43e1 4c32dba6 371877b6 4bc52b3a d85e9db9 da544fea
p:
    f488fd58 4e49dbcd 20b49de4 9107366b 336c380d 451d0f7c 88b31c7c 5b2d8ef6
    f3c923c0 43f0a55b 188d8ebb 558cb85d 38d334fd 7c175743 a31d186c de33212c
    b52aff3c e1b12940 18118d7c 84a70a72 d686c403 19c80729 7aca950c d9969fab
    d00a509b 0246d308 3d66a45d 419f9c7c bd894b22 1926baab a25ec355 e92f78c7
g:
    02
l:
    512
170412 205350.503|INFO|Thread-1|getPublicKeyPacket|packet:= edu.csus.ecs.pc2.core.transport.TransportWrapper@19d43512
170412 205622.799|CONFIG|main|setFileHandlers|Now logging to C:\Users\USER\Desktop\ITSA5_Login\bin\logs directory.
170412 205622.799|INFO|main|info|
170412 205622.799|INFO|main|info|Version 9.2.4 20140920 (Saturday, September 20th 2014 00:52 UTC) Java ver 1.8.0_121 build 2837 Windows 8.1 6.3 (amd64) 
170412 205622.799|INFO|main|startLog|Working directory is C:\Users\USER\Desktop\ITSA5_Login\bin
170412 205622.831|INFO|main|startLog|Process id is 3480@ASUS-NPCM
170412 205622.831|INFO|main|start|Starting ConnectionManager...
170412 205623.421|INFO|main|start|Started ConnectionManager
170412 205623.437|INFO|main|setClientServerAndPort|INI File location: file:/C:/Users/USER/Desktop/ITSA5_Login/bin/pc2v9.ini
170412 205623.437|INFO|main|setClientServerAndPort|setClientServerAndPort 140.116.82.76 parsed as 140.116.82.76 port 50002
170412 205623.437|INFO|main|info|Contacting server at 140.116.82.76:50002
170412 205623.437|INFO|main|connectToMyServer|Connecting to 140.116.82.76:50002
170412 205623.726|INFO|Thread-1|receiveUnencrypted|receiveUnencrypted(TransportWrapper, ConnectionHandlerID=Socket[addr=/140.116.82.76,port=50002,localport=51827]-6980715682024203937)
170412 205624.306|INFO|Thread-1|receiveUnencrypted|receiveUnencrypted Made a secret key for Socket[addr=/140.116.82.76,port=50002,localport=51827]-6980715682024203937 key is com.sun.crypto.provider.DESKey@fffe7f43
170412 205624.322|INFO|Thread-1|getPublicKeyPacket|Generating Unencrypted Public Key Packet
170412 205624.322|INFO|Thread-1|getPublicKeyPacket|checking key:= SunJCE Diffie-Hellman Public Key:
y:
    c3f79fa6 b7f06bcd c64e9694 1d88ea97 be473d7c 629d8630 0b9561e3 f75e56de
    cd7f621a 30aa4ead 7a133302 8358bc4e df69ec5f e65d1caf a35e27c5 e1a4f6bf
    a8613c75 10ae6f4a 1684bad8 b82ece94 96062686 584f8a95 d9018e13 183bb085
    9062a40c bedf871c fcc66b79 2b61c887 1f5103cd 94a73fcb b999a435 8447edc7
p:
    f488fd58 4e49dbcd 20b49de4 9107366b 336c380d 451d0f7c 88b31c7c 5b2d8ef6
    f3c923c0 43f0a55b 188d8ebb 558cb85d 38d334fd 7c175743 a31d186c de33212c
    b52aff3c e1b12940 18118d7c 84a70a72 d686c403 19c80729 7aca950c d9969fab
    d00a509b 0246d308 3d66a45d 419f9c7c bd894b22 1926baab a25ec355 e92f78c7
g:
    02
l:
    512
170412 205624.322|INFO|Thread-1|getPublicKeyPacket|packet:= edu.csus.ecs.pc2.core.transport.TransportWrapper@58aaafc4
170412 210650.478|INFO|Thread-1|receive|SocketException in receive for Socket[addr=/140.116.82.76,port=50002,localport=51827]-6980715682024203937
|java.net.SocketException: Connection reset
|    at java.net.SocketInputStream.read (Unknown Source)
|    at java.net.SocketInputStream.read (Unknown Source)
|    at java.net.SocketInputStream.read (Unknown Source)
|    at java.io.ObjectInputStream$PeekInputStream.peek (Unknown Source)
|    at java.io.ObjectInputStream$BlockDataInputStream.peek (Unknown Source)
|    at java.io.ObjectInputStream$BlockDataInputStream.peekByte (Unknown Source)
|    at java.io.ObjectInputStream.readObject0 (Unknown Source)
|    at java.io.ObjectInputStream.readObject (Unknown Source)
|    at edu.csus.ecs.pc2.core.transport.ConnectionHandlerThread.receive (ConnectionHandlerThread.java:151)
|    at edu.csus.ecs.pc2.core.transport.ConnectionHandlerClientThread.run (ConnectionHandlerClientThread.java:65)
170412 210650.478|FINER|Thread-1|run|THROW
|edu.csus.ecs.pc2.core.transport.TransportException: Connection reset
|    at edu.csus.ecs.pc2.core.transport.ConnectionHandlerThread.receive (ConnectionHandlerThread.java:155)
|    at edu.csus.ecs.pc2.core.transport.ConnectionHandlerClientThread.run (ConnectionHandlerClientThread.java:65)
